<?xml version="1.0" encoding="UTF-8"?>
<!-- Generated by org.testng.reporters.JUnitXMLReporter -->
<testsuite ignored="0" hostname="LOGESH" failures="0" tests="2" name="Default test" time="2.597" errors="0" timestamp="2025-09-27T22:36:59 IST">
  <testcase classname="com.Inwarrenty.Test.InWarrentyMasterAPIRequestTest" name="masterAPI" time="2.362"/>
  <testcase classname="com.Inwarrenty.Test.InWarrentyMasterAPIRequestTest" name="masterAPI_missingAuthToken" time="0.183"/>
</testsuite> <!-- Default test -->
