<?xml version="1.0" encoding="UTF-8"?>
<!-- Generated by org.testng.reporters.JUnitXMLReporter -->
<testsuite ignored="0" hostname="LOGESH" failures="0" tests="10" name="Default test" time="3.259" errors="0" timestamp="2025-11-26T23:12:06 IST">
  <testcase classname="com.Inwarrenty.dataprovidertest.InwarrentyCreateAPIDataProviderTestWithFaker" name="createJobApi" time="3.012"/>
  <testcase classname="com.Inwarrenty.dataprovidertest.InwarrentyCreateAPIDataProviderTestWithFaker" name="createJobApi" time="3.013"/>
  <testcase classname="com.Inwarrenty.dataprovidertest.InwarrentyCreateAPIDataProviderTestWithFaker" name="createJobApi" time="3.012"/>
  <testcase classname="com.Inwarrenty.dataprovidertest.InwarrentyCreateAPIDataProviderTestWithFaker" name="createJobApi" time="3.013"/>
  <testcase classname="com.Inwarrenty.dataprovidertest.InwarrentyCreateAPIDataProviderTestWithFaker" name="createJobApi" time="3.011"/>
  <testcase classname="com.Inwarrenty.dataprovidertest.InwarrentyCreateAPIDataProviderTestWithFaker" name="createJobApi" time="3.013"/>
  <testcase classname="com.Inwarrenty.dataprovidertest.InwarrentyCreateAPIDataProviderTestWithFaker" name="createJobApi" time="3.013"/>
  <testcase classname="com.Inwarrenty.dataprovidertest.InwarrentyCreateAPIDataProviderTestWithFaker" name="createJobApi" time="3.012"/>
  <testcase classname="com.Inwarrenty.dataprovidertest.InwarrentyCreateAPIDataProviderTestWithFaker" name="createJobApi" time="3.011"/>
  <testcase classname="com.Inwarrenty.dataprovidertest.InwarrentyCreateAPIDataProviderTestWithFaker" name="createJobApi" time="3.011"/>
</testsuite> <!-- Default test -->
