<?xml version="1.0" encoding="UTF-8"?>
<!-- Generated by org.testng.reporters.JUnitXMLReporter -->
<testsuite ignored="0" hostname="LOGESH" failures="0" tests="2" name="Default test" time="3.443" errors="0" timestamp="2025-11-30T22:52:52 IST">
  <testcase classname="com.Inwarrenty.dataprovidertest.InwarrentyCreateAPIExcelDataProviderTestWithPoiji" name="createJobApi" time="2.479"/>
  <testcase classname="com.Inwarrenty.dataprovidertest.InwarrentyCreateAPIExcelDataProviderTestWithPoiji" name="createJobApi" time="2.48"/>
</testsuite> <!-- Default test -->
