<?xml version="1.0" encoding="UTF-8"?>
<testng-results ignored="0" total="10" passed="10" failed="0" skipped="0">
  <reporter-output>
  </reporter-output>
  <suite started-at="2025-11-26T23:12:03 IST" name="Default suite" finished-at="2025-11-26T23:12:06 IST" duration-ms="3259">
    <groups>
      <group name="regression">
        <method signature="InwarrentyCreateAPIDataProviderTestWithFaker.createJobApi(com.Inwarrenty.request.model.CreateJobAPIPayload)[pri:0, instance:com.Inwarrenty.dataprovidertest.InwarrentyCreateAPIDataProviderTestWithFaker@1151e434]" name="createJobApi" class="com.Inwarrenty.dataprovidertest.InwarrentyCreateAPIDataProviderTestWithFaker"/>
      </group> <!-- regression -->
      <group name="smoke">
        <method signature="InwarrentyCreateAPIDataProviderTestWithFaker.createJobApi(com.Inwarrenty.request.model.CreateJobAPIPayload)[pri:0, instance:com.Inwarrenty.dataprovidertest.InwarrentyCreateAPIDataProviderTestWithFaker@1151e434]" name="createJobApi" class="com.Inwarrenty.dataprovidertest.InwarrentyCreateAPIDataProviderTestWithFaker"/>
      </group> <!-- smoke -->
      <group name="api">
        <method signature="InwarrentyCreateAPIDataProviderTestWithFaker.createJobApi(com.Inwarrenty.request.model.CreateJobAPIPayload)[pri:0, instance:com.Inwarrenty.dataprovidertest.InwarrentyCreateAPIDataProviderTestWithFaker@1151e434]" name="createJobApi" class="com.Inwarrenty.dataprovidertest.InwarrentyCreateAPIDataProviderTestWithFaker"/>
      </group> <!-- api -->
    </groups>
    <test started-at="2025-11-26T23:12:03 IST" name="Default test" finished-at="2025-11-26T23:12:06 IST" duration-ms="3259">
      <class name="com.Inwarrenty.dataprovidertest.InwarrentyCreateAPIDataProviderTestWithFaker">
        <test-method signature="createJobApi(com.Inwarrenty.request.model.CreateJobAPIPayload)[pri:0, instance:com.Inwarrenty.dataprovidertest.InwarrentyCreateAPIDataProviderTestWithFaker@1151e434]" started-at="2025-11-26T23:12:03 IST" name="createJobApi" description="Verifying if the  Create api is able to Create InWarrenty Job " data-provider="createJobAPIFakerDataProvider" finished-at="2025-11-26T23:12:06 IST" duration-ms="3013" status="PASS">
          <params>
            <param index="0">
              <value>
                <![CDATA[CreateJobAPIPayload[mst_service_location_id=0, mst_platform_id=2, mst_warrenty_status_id=1, mst_oem_id=1, customer=Customer[first_name=Amritambu, last_name=Gandhi, mobile_number=7088645928, mobile_number_alt=7051657262, email_id=vasudha.mahajan@yahoo.co.in, email_id_alt=rupinder.acharya@gmail.com], customer_address=CustomerAddress[flat_number=094, apartment_name=Baijayanti Rest, street_name=Marut Heights, landmark=Nair Grove, area=Maheswar Crescent, pincode=71665, country=India, state=Arunachal Pradesh], customer_product=CustomerProduct[dop=2025-11-16T17:42:03.823775500Z, serial_number=817661579269330, imei1=817661579269330, imei2=817661579269330, popurl=www.shakti-mahajan.co.in, product_id=1, mst_model_id=1], problems=[Problems[id=24, remark=Blanditiis quam quia a quia expedita quod eum libero pariatur.], Problems[id=24, remark=Amet et in quia accusantium saepe veniam recusandae consequatur.], Problems[id=22, remark=Fuga in doloribus rerum nulla fugit quia minima quo laboriosam.]]]]]>
              </value>
            </param>
          </params>
          <reporter-output>
          </reporter-output>
        </test-method> <!-- createJobApi -->
        <test-method signature="createJobApi(com.Inwarrenty.request.model.CreateJobAPIPayload)[pri:0, instance:com.Inwarrenty.dataprovidertest.InwarrentyCreateAPIDataProviderTestWithFaker@1151e434]" started-at="2025-11-26T23:12:03 IST" name="createJobApi" description="Verifying if the  Create api is able to Create InWarrenty Job " data-provider="createJobAPIFakerDataProvider" finished-at="2025-11-26T23:12:06 IST" duration-ms="3011" status="PASS">
          <params>
            <param index="0">
              <value>
                <![CDATA[CreateJobAPIPayload[mst_service_location_id=0, mst_platform_id=2, mst_warrenty_status_id=1, mst_oem_id=1, customer=Customer[first_name=Chaten, last_name=Embranthiri, mobile_number=7097624854, mobile_number_alt=7076371895, email_id=jaya.nayar@gmail.com, email_id_alt=mukesh.rana@yahoo.co.in], customer_address=CustomerAddress[flat_number=752, apartment_name=Aadrika Knoll, street_name=Jha Villages, landmark=Dubashi Plaza, area=Govinda Ridges, pincode=19613, country=India, state=Assam], customer_product=CustomerProduct[dop=2025-11-16T17:42:03.803776400Z, serial_number=857853057094274, imei1=857853057094274, imei2=857853057094274, popurl=www.meenakshi-panicker.co.in, product_id=1, mst_model_id=1], problems=[Problems[id=20, remark=Est quis accusantium earum ipsum ut perferendis.], Problems[id=3, remark=Ullam aliquam quas ipsa eligendi.], Problems[id=3, remark=In magni voluptatem nostrum molestiae maiores ea aut.]]]]]>
              </value>
            </param>
          </params>
          <reporter-output>
          </reporter-output>
        </test-method> <!-- createJobApi -->
        <test-method signature="createJobApi(com.Inwarrenty.request.model.CreateJobAPIPayload)[pri:0, instance:com.Inwarrenty.dataprovidertest.InwarrentyCreateAPIDataProviderTestWithFaker@1151e434]" started-at="2025-11-26T23:12:03 IST" name="createJobApi" description="Verifying if the  Create api is able to Create InWarrenty Job " data-provider="createJobAPIFakerDataProvider" finished-at="2025-11-26T23:12:06 IST" duration-ms="3012" status="PASS">
          <params>
            <param index="0">
              <value>
                <![CDATA[CreateJobAPIPayload[mst_service_location_id=0, mst_platform_id=2, mst_warrenty_status_id=1, mst_oem_id=1, customer=Customer[first_name=Kali, last_name=Gill, mobile_number=7044510464, mobile_number_alt=7088602221, email_id=daksha.devar@yahoo.co.in, email_id_alt=bandhul.gill@gmail.com], customer_address=CustomerAddress[flat_number=135, apartment_name=Dakshayani Falls, street_name=Achari Manor, landmark=Khanna Village, area=Jagdish Lane, pincode=33280, country=India, state=Lakshadweep], customer_product=CustomerProduct[dop=2025-11-16T17:42:03.834775400Z, serial_number=904000239195580, imei1=904000239195580, imei2=904000239195580, popurl=www.bhasvan-iyengar.co.in, product_id=1, mst_model_id=1], problems=[Problems[id=15, remark=Doloribus voluptas sit magnam commodi consequuntur nulla.], Problems[id=19, remark=Et aut nobis doloribus doloremque et sunt eum et aliquam.]]]]]>
              </value>
            </param>
          </params>
          <reporter-output>
          </reporter-output>
        </test-method> <!-- createJobApi -->
        <test-method signature="createJobApi(com.Inwarrenty.request.model.CreateJobAPIPayload)[pri:0, instance:com.Inwarrenty.dataprovidertest.InwarrentyCreateAPIDataProviderTestWithFaker@1151e434]" started-at="2025-11-26T23:12:03 IST" name="createJobApi" description="Verifying if the  Create api is able to Create InWarrenty Job " data-provider="createJobAPIFakerDataProvider" finished-at="2025-11-26T23:12:06 IST" duration-ms="3013" status="PASS">
          <params>
            <param index="0">
              <value>
                <![CDATA[CreateJobAPIPayload[mst_service_location_id=0, mst_platform_id=2, mst_warrenty_status_id=1, mst_oem_id=1, customer=Customer[first_name=Gitanjali, last_name=Naik, mobile_number=7038518793, mobile_number_alt=7010162604, email_id=bharat.kapoor@yahoo.co.in, email_id_alt=adhiraj.bandopadhyay@hotmail.com], customer_address=CustomerAddress[flat_number=791, apartment_name=Devar Groves, street_name=Gatik Drives, landmark=Chopra Turnpike, area=Jain Court, pincode=98450, country=India, state=Dadar and Nagar Haveli], customer_product=CustomerProduct[dop=2025-11-16T17:42:03.830775800Z, serial_number=763700629893192, imei1=763700629893192, imei2=763700629893192, popurl=www.shresth-ahluwalia.info, product_id=1, mst_model_id=1], problems=[Problems[id=6, remark=Nostrum explicabo sed esse nemo.]]]]]>
              </value>
            </param>
          </params>
          <reporter-output>
          </reporter-output>
        </test-method> <!-- createJobApi -->
        <test-method signature="createJobApi(com.Inwarrenty.request.model.CreateJobAPIPayload)[pri:0, instance:com.Inwarrenty.dataprovidertest.InwarrentyCreateAPIDataProviderTestWithFaker@1151e434]" started-at="2025-11-26T23:12:03 IST" name="createJobApi" description="Verifying if the  Create api is able to Create InWarrenty Job " data-provider="createJobAPIFakerDataProvider" finished-at="2025-11-26T23:12:06 IST" duration-ms="3012" status="PASS">
          <params>
            <param index="0">
              <value>
                <![CDATA[CreateJobAPIPayload[mst_service_location_id=0, mst_platform_id=2, mst_warrenty_status_id=1, mst_oem_id=1, customer=Customer[first_name=Harinarayan, last_name=Jain, mobile_number=7052279089, mobile_number_alt=7014794822, email_id=deepankar.arora@yahoo.co.in, email_id_alt=mina.menon@gmail.com], customer_address=CustomerAddress[flat_number=439, apartment_name=Bharadwaj Spurs, street_name=Bahula Well, landmark=Som Fork, area=Bhat Village, pincode=02265, country=India, state=Dadar and Nagar Haveli], customer_product=CustomerProduct[dop=2025-11-16T17:42:03.828776Z, serial_number=743085144345647, imei1=743085144345647, imei2=743085144345647, popurl=www.arjun-malik.co.in, product_id=1, mst_model_id=1], problems=[Problems[id=28, remark=Non voluptates voluptates consequatur quis veniam.]]]]]>
              </value>
            </param>
          </params>
          <reporter-output>
          </reporter-output>
        </test-method> <!-- createJobApi -->
        <test-method signature="createJobApi(com.Inwarrenty.request.model.CreateJobAPIPayload)[pri:0, instance:com.Inwarrenty.dataprovidertest.InwarrentyCreateAPIDataProviderTestWithFaker@1151e434]" started-at="2025-11-26T23:12:03 IST" name="createJobApi" description="Verifying if the  Create api is able to Create InWarrenty Job " data-provider="createJobAPIFakerDataProvider" finished-at="2025-11-26T23:12:06 IST" duration-ms="3013" status="PASS">
          <params>
            <param index="0">
              <value>
                <![CDATA[CreateJobAPIPayload[mst_service_location_id=0, mst_platform_id=2, mst_warrenty_status_id=1, mst_oem_id=1, customer=Customer[first_name=Priya, last_name=Gandhi, mobile_number=7011320738, mobile_number_alt=7052829153, email_id=swara.khanna@yahoo.co.in, email_id_alt=aagney.kakkar@hotmail.com], customer_address=CustomerAddress[flat_number=899, apartment_name=Shankar Walk, street_name=Kaul Land, landmark=Shwet Pine, area=Devangana Drives, pincode=62266, country=India, state=Tamil Nadu], customer_product=CustomerProduct[dop=2025-11-16T17:42:03.839776300Z, serial_number=952593661025820, imei1=952593661025820, imei2=952593661025820, popurl=www.mohinder-marar.org, product_id=1, mst_model_id=1], problems=[Problems[id=10, remark=Sequi ducimus illo nisi labore hic.], Problems[id=8, remark=Omnis dolorem et quaerat voluptas quia corporis est quia.], Problems[id=6, remark=Ipsam quis consequatur ut tempore qui molestias nemo quidem.]]]]]>
              </value>
            </param>
          </params>
          <reporter-output>
          </reporter-output>
        </test-method> <!-- createJobApi -->
        <test-method signature="createJobApi(com.Inwarrenty.request.model.CreateJobAPIPayload)[pri:0, instance:com.Inwarrenty.dataprovidertest.InwarrentyCreateAPIDataProviderTestWithFaker@1151e434]" started-at="2025-11-26T23:12:03 IST" name="createJobApi" description="Verifying if the  Create api is able to Create InWarrenty Job " data-provider="createJobAPIFakerDataProvider" finished-at="2025-11-26T23:12:06 IST" duration-ms="3011" status="PASS">
          <params>
            <param index="0">
              <value>
                <![CDATA[CreateJobAPIPayload[mst_service_location_id=0, mst_platform_id=2, mst_warrenty_status_id=1, mst_oem_id=1, customer=Customer[first_name=Kalyani, last_name=Acharya, mobile_number=7002032548, mobile_number_alt=7088405546, email_id=vimala.kakkar@yahoo.co.in, email_id_alt=tanya.acharya@hotmail.com], customer_address=CustomerAddress[flat_number=541, apartment_name=Iyengar Hills, street_name=Kocchar Ridge, landmark=Mehra Groves, area=Patil Crossroad, pincode=98566, country=India, state=Mizoram], customer_product=CustomerProduct[dop=2025-11-16T17:42:03.824776600Z, serial_number=768023269990225, imei1=768023269990225, imei2=768023269990225, popurl=www.devdan-acharya.biz, product_id=1, mst_model_id=1], problems=[Problems[id=20, remark=Quam numquam blanditiis libero est voluptas temporibus qui sed atque.], Problems[id=5, remark=Facilis ut beatae facilis et.], Problems[id=7, remark=Veniam vel aut commodi laboriosam ea culpa suscipit rerum.]]]]]>
              </value>
            </param>
          </params>
          <reporter-output>
          </reporter-output>
        </test-method> <!-- createJobApi -->
        <test-method signature="createJobApi(com.Inwarrenty.request.model.CreateJobAPIPayload)[pri:0, instance:com.Inwarrenty.dataprovidertest.InwarrentyCreateAPIDataProviderTestWithFaker@1151e434]" started-at="2025-11-26T23:12:03 IST" name="createJobApi" description="Verifying if the  Create api is able to Create InWarrenty Job " data-provider="createJobAPIFakerDataProvider" finished-at="2025-11-26T23:12:06 IST" duration-ms="3013" status="PASS">
          <params>
            <param index="0">
              <value>
                <![CDATA[CreateJobAPIPayload[mst_service_location_id=0, mst_platform_id=2, mst_warrenty_status_id=1, mst_oem_id=1, customer=Customer[first_name=Ambar, last_name=Deshpande, mobile_number=7036514051, mobile_number_alt=7005445166, email_id=chidambaram.ganaka@gmail.com, email_id_alt=mani.kaniyar@gmail.com], customer_address=CustomerAddress[flat_number=474, apartment_name=Balagopal Haven, street_name=Dubashi Ford, landmark=Dhawan Courts, area=Arora Mews, pincode=36163, country=India, state=Maharashtra], customer_product=CustomerProduct[dop=2025-11-16T17:42:03.832776500Z, serial_number=580182316285325, imei1=580182316285325, imei2=580182316285325, popurl=www.oormila-jha.org, product_id=1, mst_model_id=1], problems=[Problems[id=28, remark=Iure dolore sapiente dignissimos magnam.], Problems[id=15, remark=Minima praesentium autem corporis velit ab consequatur veniam et libero.], Problems[id=16, remark=Autem pariatur voluptatibus necessitatibus voluptatem rerum eos non officiis.]]]]]>
              </value>
            </param>
          </params>
          <reporter-output>
          </reporter-output>
        </test-method> <!-- createJobApi -->
        <test-method signature="createJobApi(com.Inwarrenty.request.model.CreateJobAPIPayload)[pri:0, instance:com.Inwarrenty.dataprovidertest.InwarrentyCreateAPIDataProviderTestWithFaker@1151e434]" started-at="2025-11-26T23:12:03 IST" name="createJobApi" description="Verifying if the  Create api is able to Create InWarrenty Job " data-provider="createJobAPIFakerDataProvider" finished-at="2025-11-26T23:12:06 IST" duration-ms="3011" status="PASS">
          <params>
            <param index="0">
              <value>
                <![CDATA[CreateJobAPIPayload[mst_service_location_id=0, mst_platform_id=2, mst_warrenty_status_id=1, mst_oem_id=1, customer=Customer[first_name=Chandradev, last_name=Khanna, mobile_number=7077600648, mobile_number_alt=7052265510, email_id=agnivesh.deshpande@yahoo.co.in, email_id_alt=bandhul.guha@hotmail.com], customer_address=CustomerAddress[flat_number=337, apartment_name=Reddy Stream, street_name=Digambara Station, landmark=Mishra Vista, area=Amish Common, pincode=63116, country=India, state=Lakshadweep], customer_product=CustomerProduct[dop=2025-11-16T17:42:03.837775700Z, serial_number=041300430625791, imei1=041300430625791, imei2=041300430625791, popurl=www.suman-kocchar.net, product_id=1, mst_model_id=1], problems=[Problems[id=6, remark=Dolor excepturi quae repudiandae asperiores earum eos omnis quas.], Problems[id=7, remark=Sit sapiente assumenda sit voluptas dolorum.]]]]]>
              </value>
            </param>
          </params>
          <reporter-output>
          </reporter-output>
        </test-method> <!-- createJobApi -->
        <test-method signature="createJobApi(com.Inwarrenty.request.model.CreateJobAPIPayload)[pri:0, instance:com.Inwarrenty.dataprovidertest.InwarrentyCreateAPIDataProviderTestWithFaker@1151e434]" started-at="2025-11-26T23:12:03 IST" name="createJobApi" description="Verifying if the  Create api is able to Create InWarrenty Job " data-provider="createJobAPIFakerDataProvider" finished-at="2025-11-26T23:12:06 IST" duration-ms="3012" status="PASS">
          <params>
            <param index="0">
              <value>
                <![CDATA[CreateJobAPIPayload[mst_service_location_id=0, mst_platform_id=2, mst_warrenty_status_id=1, mst_oem_id=1, customer=Customer[first_name=Bhooshan, last_name=Bhat, mobile_number=7094191056, mobile_number_alt=7049477531, email_id=vaishvi.talwar@hotmail.com, email_id_alt=padma.dhawan@yahoo.co.in], customer_address=CustomerAddress[flat_number=066, apartment_name=Reddy Crossing, street_name=Bhadrak Station, landmark=Mohan Falls, area=Sharma River, pincode=95210, country=India, state=Maharashtra], customer_product=CustomerProduct[dop=2025-11-16T17:42:03.829776100Z, serial_number=483490295437167, imei1=483490295437167, imei2=483490295437167, popurl=www.aashritha-sethi.biz, product_id=1, mst_model_id=1], problems=[Problems[id=22, remark=Quos quas saepe officiis molestiae.], Problems[id=22, remark=Magni a enim et sequi tempora animi dignissimos.]]]]]>
              </value>
            </param>
          </params>
          <reporter-output>
          </reporter-output>
        </test-method> <!-- createJobApi -->
      </class> <!-- com.Inwarrenty.dataprovidertest.InwarrentyCreateAPIDataProviderTestWithFaker -->
    </test> <!-- Default test -->
  </suite> <!-- Default suite -->
</testng-results>
