<?xml version="1.0" encoding="UTF-8"?>
<testng-results ignored="0" total="2" passed="2" failed="0" skipped="0">
  <reporter-output>
  </reporter-output>
  <suite started-at="2025-11-30T22:52:49 IST" name="Default suite" finished-at="2025-11-30T22:52:52 IST" duration-ms="3443">
    <groups>
      <group name="Faker">
        <method signature="InwarrentyCreateAPIExcelDataProviderTestWithPoiji.createJobApi(com.Inwarrenty.request.model.CreateJobAPIPayload)[pri:0, instance:com.Inwarrenty.dataprovidertest.InwarrentyCreateAPIExcelDataProviderTestWithPoiji@2a7f1f10]" name="createJobApi" class="com.Inwarrenty.dataprovidertest.InwarrentyCreateAPIExcelDataProviderTestWithPoiji"/>
      </group> <!-- Faker -->
      <group name="regression">
        <method signature="InwarrentyCreateAPIExcelDataProviderTestWithPoiji.createJobApi(com.Inwarrenty.request.model.CreateJobAPIPayload)[pri:0, instance:com.Inwarrenty.dataprovidertest.InwarrentyCreateAPIExcelDataProviderTestWithPoiji@2a7f1f10]" name="createJobApi" class="com.Inwarrenty.dataprovidertest.InwarrentyCreateAPIExcelDataProviderTestWithPoiji"/>
      </group> <!-- regression -->
      <group name="smoke">
        <method signature="InwarrentyCreateAPIExcelDataProviderTestWithPoiji.createJobApi(com.Inwarrenty.request.model.CreateJobAPIPayload)[pri:0, instance:com.Inwarrenty.dataprovidertest.InwarrentyCreateAPIExcelDataProviderTestWithPoiji@2a7f1f10]" name="createJobApi" class="com.Inwarrenty.dataprovidertest.InwarrentyCreateAPIExcelDataProviderTestWithPoiji"/>
      </group> <!-- smoke -->
      <group name="api">
        <method signature="InwarrentyCreateAPIExcelDataProviderTestWithPoiji.createJobApi(com.Inwarrenty.request.model.CreateJobAPIPayload)[pri:0, instance:com.Inwarrenty.dataprovidertest.InwarrentyCreateAPIExcelDataProviderTestWithPoiji@2a7f1f10]" name="createJobApi" class="com.Inwarrenty.dataprovidertest.InwarrentyCreateAPIExcelDataProviderTestWithPoiji"/>
      </group> <!-- api -->
    </groups>
    <test started-at="2025-11-30T22:52:49 IST" name="Default test" finished-at="2025-11-30T22:52:52 IST" duration-ms="3443">
      <class name="com.Inwarrenty.dataprovidertest.InwarrentyCreateAPIExcelDataProviderTestWithPoiji">
        <test-method signature="createJobApi(com.Inwarrenty.request.model.CreateJobAPIPayload)[pri:0, instance:com.Inwarrenty.dataprovidertest.InwarrentyCreateAPIExcelDataProviderTestWithPoiji@2a7f1f10]" started-at="2025-11-30T22:52:50 IST" name="createJobApi" description="Verifying if the  Create api is able to Create InWarrenty Job " data-provider="CreateJobAPIExcelDataProviderPoiji" finished-at="2025-11-30T22:52:52 IST" duration-ms="2480" status="PASS">
          <params>
            <param index="0">
              <value>
                <![CDATA[CreateJobAPIPayload[mst_service_location_id=0, mst_platform_id=2, mst_warrenty_status_id=1, mst_oem_id=1, customer=Customer[first_name=logeshoemi, last_name=Schaefer, mobile_number=660-659-2754, mobile_number_alt=, email_id=Mose.Baumbach@yahoo.com, email_id_alt=], customer_address=CustomerAddress[flat_number=c 304, apartment_name=Jupiter, street_name=MG road, landmark=Bangur Nagar, area=Goregaon West, pincode=411039, country=Maharashtra, state=India], customer_product=CustomerProduct[dop=2025-04-06T18:30:00.000Z, serial_number=19667517388279, imei1=19667517388279, imei2=19667517388279, popurl=2025-04-06T18:30:00.000Z, product_id=1, mst_model_id=1], problems=[Problems[id=1, remark=Battery Issue]]]]]>
              </value>
            </param>
          </params>
          <reporter-output>
          </reporter-output>
        </test-method> <!-- createJobApi -->
        <test-method signature="createJobApi(com.Inwarrenty.request.model.CreateJobAPIPayload)[pri:0, instance:com.Inwarrenty.dataprovidertest.InwarrentyCreateAPIExcelDataProviderTestWithPoiji@2a7f1f10]" started-at="2025-11-30T22:52:50 IST" name="createJobApi" description="Verifying if the  Create api is able to Create InWarrenty Job " data-provider="CreateJobAPIExcelDataProviderPoiji" finished-at="2025-11-30T22:52:52 IST" duration-ms="2479" status="PASS">
          <params>
            <param index="0">
              <value>
                <![CDATA[CreateJobAPIPayload[mst_service_location_id=0, mst_platform_id=2, mst_warrenty_status_id=1, mst_oem_id=1, customer=Customer[first_name=Noemi, last_name=Schaefer, mobile_number=660-659-2754, mobile_number_alt=, email_id=Mose.Baumbach@yahoo.com, email_id_alt=], customer_address=CustomerAddress[flat_number=c 304, apartment_name=Jupiter, street_name=MG road, landmark=Bangur Nagar, area=Goregaon West, pincode=411039, country=Maharashtra, state=India], customer_product=CustomerProduct[dop=2025-04-06T18:30:00.000Z, serial_number=19667517388278, imei1=19667517388278, imei2=19667517388278, popurl=2025-04-06T18:30:00.000Z, product_id=1, mst_model_id=1], problems=[Problems[id=1, remark=Battery Issue]]]]]>
              </value>
            </param>
          </params>
          <reporter-output>
          </reporter-output>
        </test-method> <!-- createJobApi -->
      </class> <!-- com.Inwarrenty.dataprovidertest.InwarrentyCreateAPIExcelDataProviderTestWithPoiji -->
    </test> <!-- Default test -->
  </suite> <!-- Default suite -->
</testng-results>
