<?xml version="1.0" encoding="UTF-8"?>
<testng-results ignored="0" total="1" passed="1" failed="0" skipped="0">
  <reporter-output>
  </reporter-output>
  <suite started-at="2026-01-06T23:32:19 IST" name="Default suite" finished-at="2026-01-06T23:32:22 IST" duration-ms="3883">
    <groups>
      <group name="regression">
        <method signature="InWarrentGetUserDetailsTest.getUserDetails()[pri:0, instance:com.Inwarrenty.Test.InWarrentGetUserDetailsTest@4b741d6d]" name="getUserDetails" class="com.Inwarrenty.Test.InWarrentGetUserDetailsTest"/>
      </group> <!-- regression -->
      <group name="smoke">
        <method signature="InWarrentGetUserDetailsTest.getUserDetails()[pri:0, instance:com.Inwarrenty.Test.InWarrentGetUserDetailsTest@4b741d6d]" name="getUserDetails" class="com.Inwarrenty.Test.InWarrentGetUserDetailsTest"/>
      </group> <!-- smoke -->
      <group name="api">
        <method signature="InWarrentGetUserDetailsTest.getUserDetails()[pri:0, instance:com.Inwarrenty.Test.InWarrentGetUserDetailsTest@4b741d6d]" name="getUserDetails" class="com.Inwarrenty.Test.InWarrentGetUserDetailsTest"/>
      </group> <!-- api -->
    </groups>
    <test started-at="2026-01-06T23:32:19 IST" name="Default test" finished-at="2026-01-06T23:32:22 IST" duration-ms="3883">
      <class name="com.Inwarrenty.Test.InWarrentGetUserDetailsTest">
        <test-method is-config="true" signature="setup()[pri:0, instance:com.Inwarrenty.Test.InWarrentGetUserDetailsTest@4b741d6d]" started-at="2026-01-06T23:32:19 IST" name="setup" finished-at="2026-01-06T23:32:19 IST" duration-ms="7" status="PASS">
          <reporter-output>
          </reporter-output>
        </test-method> <!-- setup -->
        <test-method signature="getUserDetails()[pri:0, instance:com.Inwarrenty.Test.InWarrentGetUserDetailsTest@4b741d6d]" started-at="2026-01-06T23:32:19 IST" name="getUserDetails" description="Verifying the API get the Correct Responce" finished-at="2026-01-06T23:32:22 IST" duration-ms="3821" status="PASS">
          <reporter-output>
          </reporter-output>
        </test-method> <!-- getUserDetails -->
      </class> <!-- com.Inwarrenty.Test.InWarrentGetUserDetailsTest -->
    </test> <!-- Default test -->
  </suite> <!-- Default suite -->
</testng-results>
