<?xml version="1.0" encoding="UTF-8"?>
<testng-results ignored="0" total="3" passed="3" failed="0" skipped="0">
  <reporter-output>
  </reporter-output>
  <suite started-at="2025-11-29T22:33:01 IST" name="Default suite" finished-at="2025-11-29T22:33:04 IST" duration-ms="3140">
    <groups>
      <group name="datadriven">
        <method signature="InWarrentLoginAPIExcellDataProviderTest.loginApiTest(com.Inwarrenty.request.model.UserCredentials)[pri:0, instance:com.Inwarrenty.dataprovidertest.InWarrentLoginAPIExcellDataProviderTest@d86a6f]" name="loginApiTest" class="com.Inwarrenty.dataprovidertest.InWarrentLoginAPIExcellDataProviderTest"/>
      </group> <!-- datadriven -->
      <group name="regression">
        <method signature="InWarrentLoginAPIExcellDataProviderTest.loginApiTest(com.Inwarrenty.request.model.UserCredentials)[pri:0, instance:com.Inwarrenty.dataprovidertest.InWarrentLoginAPIExcellDataProviderTest@d86a6f]" name="loginApiTest" class="com.Inwarrenty.dataprovidertest.InWarrentLoginAPIExcellDataProviderTest"/>
      </group> <!-- regression -->
      <group name="Smoke">
        <method signature="InWarrentLoginAPIExcellDataProviderTest.loginApiTest(com.Inwarrenty.request.model.UserCredentials)[pri:0, instance:com.Inwarrenty.dataprovidertest.InWarrentLoginAPIExcellDataProviderTest@d86a6f]" name="loginApiTest" class="com.Inwarrenty.dataprovidertest.InWarrentLoginAPIExcellDataProviderTest"/>
      </group> <!-- Smoke -->
      <group name="api">
        <method signature="InWarrentLoginAPIExcellDataProviderTest.loginApiTest(com.Inwarrenty.request.model.UserCredentials)[pri:0, instance:com.Inwarrenty.dataprovidertest.InWarrentLoginAPIExcellDataProviderTest@d86a6f]" name="loginApiTest" class="com.Inwarrenty.dataprovidertest.InWarrentLoginAPIExcellDataProviderTest"/>
      </group> <!-- api -->
    </groups>
    <test started-at="2025-11-29T22:33:01 IST" name="Default test" finished-at="2025-11-29T22:33:04 IST" duration-ms="3140">
      <class name="com.Inwarrenty.dataprovidertest.InWarrentLoginAPIExcellDataProviderTest">
        <test-method signature="loginApiTest(com.Inwarrenty.request.model.UserCredentials)[pri:0, instance:com.Inwarrenty.dataprovidertest.InWarrentLoginAPIExcellDataProviderTest@d86a6f]" started-at="2025-11-29T22:33:01 IST" name="loginApiTest" description="Verifying if login API is Working for FD User!!!" data-provider="LoginAPIExcellDataProvider" finished-at="2025-11-29T22:33:04 IST" duration-ms="2344" status="PASS">
          <params>
            <param index="0">
              <value>
                <![CDATA[UserCredentials[username=iameng, password=password]]]>
              </value>
            </param>
          </params>
          <reporter-output>
          </reporter-output>
        </test-method> <!-- loginApiTest -->
        <test-method signature="loginApiTest(com.Inwarrenty.request.model.UserCredentials)[pri:0, instance:com.Inwarrenty.dataprovidertest.InWarrentLoginAPIExcellDataProviderTest@d86a6f]" started-at="2025-11-29T22:33:01 IST" name="loginApiTest" description="Verifying if login API is Working for FD User!!!" data-provider="LoginAPIExcellDataProvider" finished-at="2025-11-29T22:33:04 IST" duration-ms="2344" status="PASS">
          <params>
            <param index="0">
              <value>
                <![CDATA[UserCredentials[username=iamfd, password=password]]]>
              </value>
            </param>
          </params>
          <reporter-output>
          </reporter-output>
        </test-method> <!-- loginApiTest -->
        <test-method signature="loginApiTest(com.Inwarrenty.request.model.UserCredentials)[pri:0, instance:com.Inwarrenty.dataprovidertest.InWarrentLoginAPIExcellDataProviderTest@d86a6f]" started-at="2025-11-29T22:33:01 IST" name="loginApiTest" description="Verifying if login API is Working for FD User!!!" data-provider="LoginAPIExcellDataProvider" finished-at="2025-11-29T22:33:04 IST" duration-ms="2344" status="PASS">
          <params>
            <param index="0">
              <value>
                <![CDATA[UserCredentials[username=iamsup, password=password]]]>
              </value>
            </param>
          </params>
          <reporter-output>
          </reporter-output>
        </test-method> <!-- loginApiTest -->
      </class> <!-- com.Inwarrenty.dataprovidertest.InWarrentLoginAPIExcellDataProviderTest -->
    </test> <!-- Default test -->
  </suite> <!-- Default suite -->
</testng-results>
