<?xml version="1.0" encoding="UTF-8"?>
<testng-results ignored="0" total="1" passed="1" failed="0" skipped="0">
  <reporter-output>
  </reporter-output>
  <suite started-at="2026-01-03T22:43:25 IST" name="Default suite" finished-at="2026-01-03T22:43:28 IST" duration-ms="2941">
    <groups>
      <group name="regression">
        <method signature="InwarrentySerachJobTest.getDetailsTest()[pri:0, instance:com.Inwarrenty.dataprovidertest.InwarrentySerachJobTest@449a4f23]" name="getDetailsTest" class="com.Inwarrenty.dataprovidertest.InwarrentySerachJobTest"/>
      </group> <!-- regression -->
      <group name="smoke">
        <method signature="InwarrentySerachJobTest.getDetailsTest()[pri:0, instance:com.Inwarrenty.dataprovidertest.InwarrentySerachJobTest@449a4f23]" name="getDetailsTest" class="com.Inwarrenty.dataprovidertest.InwarrentySerachJobTest"/>
      </group> <!-- smoke -->
      <group name="api">
        <method signature="InwarrentySerachJobTest.getDetailsTest()[pri:0, instance:com.Inwarrenty.dataprovidertest.InwarrentySerachJobTest@449a4f23]" name="getDetailsTest" class="com.Inwarrenty.dataprovidertest.InwarrentySerachJobTest"/>
      </group> <!-- api -->
    </groups>
    <test started-at="2026-01-03T22:43:25 IST" name="Default test" finished-at="2026-01-03T22:43:28 IST" duration-ms="2941">
      <class name="com.Inwarrenty.dataprovidertest.InwarrentySerachJobTest">
        <test-method is-config="true" signature="setup()[pri:0, instance:com.Inwarrenty.dataprovidertest.InwarrentySerachJobTest@449a4f23]" started-at="2026-01-03T22:43:25 IST" name="setup" description="instantiating  the Jobsearch  service" finished-at="2026-01-03T22:43:25 IST" duration-ms="10" status="PASS">
          <reporter-output>
          </reporter-output>
        </test-method> <!-- setup -->
        <test-method signature="getDetailsTest()[pri:0, instance:com.Inwarrenty.dataprovidertest.InwarrentySerachJobTest@449a4f23]" started-at="2026-01-03T22:43:25 IST" name="getDetailsTest" description="Verifing the JobSerachAPI test " finished-at="2026-01-03T22:43:28 IST" duration-ms="2881" status="PASS">
          <reporter-output>
          </reporter-output>
        </test-method> <!-- getDetailsTest -->
      </class> <!-- com.Inwarrenty.dataprovidertest.InwarrentySerachJobTest -->
    </test> <!-- Default test -->
  </suite> <!-- Default suite -->
</testng-results>
