<?xml version="1.0" encoding="UTF-8"?>
<testng-results ignored="0" total="1" passed="1" failed="0" skipped="0">
  <reporter-output>
  </reporter-output>
  <suite started-at="2025-09-30T21:40:03 IST" name="Default suite" finished-at="2025-09-30T21:40:06 IST" duration-ms="2673">
    <groups>
    </groups>
    <test started-at="2025-09-30T21:40:03 IST" name="Default test" finished-at="2025-09-30T21:40:06 IST" duration-ms="2673">
      <class name="com.Inwarrenty.Test.InwarrentyCreateAPITest">
        <test-method signature="createJobApi()[pri:0, instance:com.Inwarrenty.Test.InwarrentyCreateAPITest@201a4587]" started-at="2025-09-30T21:40:03 IST" name="createJobApi" finished-at="2025-09-30T21:40:06 IST" duration-ms="2633" status="PASS">
          <reporter-output>
          </reporter-output>
        </test-method> <!-- createJobApi -->
      </class> <!-- com.Inwarrenty.Test.InwarrentyCreateAPITest -->
    </test> <!-- Default test -->
  </suite> <!-- Default suite -->
</testng-results>
