<?xml version="1.0" encoding="UTF-8"?>
<testng-results ignored="0" total="2" passed="2" failed="0" skipped="0">
  <reporter-output>
  </reporter-output>
  <suite started-at="2025-09-27T22:36:56 IST" name="Default suite" finished-at="2025-09-27T22:36:59 IST" duration-ms="2597">
    <groups>
    </groups>
    <test started-at="2025-09-27T22:36:56 IST" name="Default test" finished-at="2025-09-27T22:36:59 IST" duration-ms="2597">
      <class name="com.Inwarrenty.Test.InWarrentyMasterAPIRequestTest">
        <test-method signature="masterAPI()[pri:0, instance:com.Inwarrenty.Test.InWarrentyMasterAPIRequestTest@201a4587]" started-at="2025-09-27T22:36:56 IST" name="masterAPI" finished-at="2025-09-27T22:36:59 IST" duration-ms="2362" status="PASS">
          <reporter-output>
          </reporter-output>
        </test-method> <!-- masterAPI -->
        <test-method signature="masterAPI_missingAuthToken()[pri:0, instance:com.Inwarrenty.Test.InWarrentyMasterAPIRequestTest@201a4587]" started-at="2025-09-27T22:36:59 IST" name="masterAPI_missingAuthToken" finished-at="2025-09-27T22:36:59 IST" duration-ms="183" status="PASS">
          <reporter-output>
          </reporter-output>
        </test-method> <!-- masterAPI_missingAuthToken -->
      </class> <!-- com.Inwarrenty.Test.InWarrentyMasterAPIRequestTest -->
    </test> <!-- Default test -->
  </suite> <!-- Default suite -->
</testng-results>
