<?xml version="1.0" encoding="UTF-8"?>
<testng-results ignored="0" total="1" passed="0" failed="1" skipped="0">
  <reporter-output>
  </reporter-output>
  <suite started-at="2026-01-03T21:37:59 IST" name="Default suite" finished-at="2026-01-03T21:39:06 IST" duration-ms="66691">
    <groups>
      <group name="regression">
        <method signature="InwarrentyCreateAPITest2WithFaker.createJobApi()[pri:0, instance:com.Inwarrenty.Test.InwarrentyCreateAPITest2WithFaker@2eae8e6e]" name="createJobApi" class="com.Inwarrenty.Test.InwarrentyCreateAPITest2WithFaker"/>
      </group> <!-- regression -->
      <group name="smoke">
        <method signature="InwarrentyCreateAPITest2WithFaker.createJobApi()[pri:0, instance:com.Inwarrenty.Test.InwarrentyCreateAPITest2WithFaker@2eae8e6e]" name="createJobApi" class="com.Inwarrenty.Test.InwarrentyCreateAPITest2WithFaker"/>
      </group> <!-- smoke -->
      <group name="api">
        <method signature="InwarrentyCreateAPITest2WithFaker.createJobApi()[pri:0, instance:com.Inwarrenty.Test.InwarrentyCreateAPITest2WithFaker@2eae8e6e]" name="createJobApi" class="com.Inwarrenty.Test.InwarrentyCreateAPITest2WithFaker"/>
      </group> <!-- api -->
    </groups>
    <test started-at="2026-01-03T21:37:59 IST" name="Default test" finished-at="2026-01-03T21:39:06 IST" duration-ms="66691">
      <class name="com.Inwarrenty.Test.InwarrentyCreateAPITest2WithFaker">
        <test-method is-config="true" signature="setup()[pri:0, instance:com.Inwarrenty.Test.InwarrentyCreateAPITest2WithFaker@2eae8e6e]" started-at="2026-01-03T21:37:59 IST" name="setup" description="SetUp the Payload for Create API Request:" finished-at="2026-01-03T21:37:59 IST" duration-ms="201" status="PASS">
          <reporter-output>
          </reporter-output>
        </test-method> <!-- setup -->
        <test-method signature="createJobApi()[pri:0, instance:com.Inwarrenty.Test.InwarrentyCreateAPITest2WithFaker@2eae8e6e]" started-at="2026-01-03T21:37:59 IST" name="createJobApi" description="Verifying if the  Create api is able to Create InWarrenty Job " finished-at="2026-01-03T21:39:06 IST" duration-ms="66439" status="FAIL">
          <exception class="java.lang.IllegalArgumentException">
            <message>
              <![CDATA[dataSource or dataSourceClassName or jdbcUrl is required.]]>
            </message>
            <full-stacktrace>
              <![CDATA[java.lang.IllegalArgumentException: dataSource or dataSourceClassName or jdbcUrl is required.
at com.zaxxer.hikari.HikariConfig.validate(HikariConfig.java:1091)
at com.zaxxer.hikari.HikariDataSource.<init>(HikariDataSource.java:76)
at com.Inwarrenty.database.DataBaseManagerWithHikariCP.initializepool(DataBaseManagerWithHikariCP.java:65)
at com.Inwarrenty.database.DataBaseManagerWithHikariCP.getConnecction(DataBaseManagerWithHikariCP.java:78)
at com.Inwarrenty.database.dao.CustomerDao.getCustomerinfo(CustomerDao.java:26)
at com.Inwarrenty.Test.InwarrentyCreateAPITest2WithFaker.createJobApi(InwarrentyCreateAPITest2WithFaker.java:71)
at java.base/jdk.internal.reflect.NativeMethodAccessorImpl.invoke0(Native Method)
at java.base/jdk.internal.reflect.NativeMethodAccessorImpl.invoke(NativeMethodAccessorImpl.java:77)
at java.base/jdk.internal.reflect.DelegatingMethodAccessorImpl.invoke(DelegatingMethodAccessorImpl.java:43)
at java.base/java.lang.reflect.Method.invoke(Method.java:568)
at org.testng.internal.invokers.MethodInvocationHelper.invokeMethod(MethodInvocationHelper.java:139)
at org.testng.internal.invokers.TestInvoker.invokeMethod(TestInvoker.java:664)
at org.testng.internal.invokers.TestInvoker.invokeTestMethod(TestInvoker.java:228)
at org.testng.internal.invokers.MethodRunner.runInSequence(MethodRunner.java:63)
at org.testng.internal.invokers.TestInvoker$MethodInvocationAgent.invoke(TestInvoker.java:961)
at org.testng.internal.invokers.TestInvoker.invokeTestMethods(TestInvoker.java:201)
at org.testng.internal.invokers.TestMethodWorker.invokeTestMethods(TestMethodWorker.java:148)
at org.testng.internal.invokers.TestMethodWorker.run(TestMethodWorker.java:128)
at java.base/java.util.ArrayList.forEach(ArrayList.java:1511)
at org.testng.TestRunner.privateRun(TestRunner.java:819)
at org.testng.TestRunner.run(TestRunner.java:619)
at org.testng.SuiteRunner.runTest(SuiteRunner.java:443)
at org.testng.SuiteRunner.runSequentially(SuiteRunner.java:437)
at org.testng.SuiteRunner.privateRun(SuiteRunner.java:397)
at org.testng.SuiteRunner.run(SuiteRunner.java:336)
at org.testng.SuiteRunnerWorker.runSuite(SuiteRunnerWorker.java:52)
at org.testng.SuiteRunnerWorker.run(SuiteRunnerWorker.java:95)
at org.testng.TestNG.runSuitesSequentially(TestNG.java:1301)
at org.testng.TestNG.runSuitesLocally(TestNG.java:1228)
at org.testng.TestNG.runSuites(TestNG.java:1134)
at org.testng.TestNG.run(TestNG.java:1101)
at org.testng.remote.AbstractRemoteTestNG.run(AbstractRemoteTestNG.java:115)
at org.testng.remote.RemoteTestNG.initAndRun(RemoteTestNG.java:293)
at org.testng.remote.RemoteTestNG.main(RemoteTestNG.java:91)
]]>
            </full-stacktrace>
          </exception> <!-- java.lang.IllegalArgumentException -->
          <reporter-output>
          </reporter-output>
        </test-method> <!-- createJobApi -->
      </class> <!-- com.Inwarrenty.Test.InwarrentyCreateAPITest2WithFaker -->
    </test> <!-- Default test -->
  </suite> <!-- Default suite -->
</testng-results>
