<?xml version="1.0" encoding="UTF-8"?>
<!-- Generated by org.testng.reporters.JUnitReportReporter -->
<testsuite hostname="LOGESH" failures="0" tests="10" name="com.Inwarrenty.dataprovidertest.InwarrentyCreateAPIDataProviderTestWithFaker" time="30.121" errors="0" timestamp="2025-11-26T23:12:06 IST" skipped="0">
  <testcase classname="com.Inwarrenty.dataprovidertest.InwarrentyCreateAPIDataProviderTestWithFaker" name="createJobApi" time="3.013"/>
  <testcase classname="com.Inwarrenty.dataprovidertest.InwarrentyCreateAPIDataProviderTestWithFaker" name="createJobApi" time="3.011"/>
  <testcase classname="com.Inwarrenty.dataprovidertest.InwarrentyCreateAPIDataProviderTestWithFaker" name="createJobApi" time="3.012"/>
  <testcase classname="com.Inwarrenty.dataprovidertest.InwarrentyCreateAPIDataProviderTestWithFaker" name="createJobApi" time="3.011"/>
  <testcase classname="com.Inwarrenty.dataprovidertest.InwarrentyCreateAPIDataProviderTestWithFaker" name="createJobApi" time="3.012"/>
  <testcase classname="com.Inwarrenty.dataprovidertest.InwarrentyCreateAPIDataProviderTestWithFaker" name="createJobApi" time="3.013"/>
  <testcase classname="com.Inwarrenty.dataprovidertest.InwarrentyCreateAPIDataProviderTestWithFaker" name="createJobApi" time="3.012"/>
  <testcase classname="com.Inwarrenty.dataprovidertest.InwarrentyCreateAPIDataProviderTestWithFaker" name="createJobApi" time="3.013"/>
  <testcase classname="com.Inwarrenty.dataprovidertest.InwarrentyCreateAPIDataProviderTestWithFaker" name="createJobApi" time="3.011"/>
  <testcase classname="com.Inwarrenty.dataprovidertest.InwarrentyCreateAPIDataProviderTestWithFaker" name="createJobApi" time="3.013"/>
</testsuite> <!-- com.Inwarrenty.dataprovidertest.InwarrentyCreateAPIDataProviderTestWithFaker -->
