<?xml version="1.0" encoding="UTF-8"?>
<!-- Generated by org.testng.reporters.JUnitReportReporter -->
<testsuite hostname="LOGESH" failures="0" tests="3" name="com.Inwarrenty.dataprovidertest.InWarrentLoginAPIJsonDataProviderTest" time="7.349" errors="0" timestamp="2025-11-27T22:41:01 IST" skipped="0">
  <testcase classname="com.Inwarrenty.dataprovidertest.InWarrentLoginAPIJsonDataProviderTest" name="loginApiTest" time="2.451"/>
  <testcase classname="com.Inwarrenty.dataprovidertest.InWarrentLoginAPIJsonDataProviderTest" name="loginApiTest" time="2.449"/>
  <testcase classname="com.Inwarrenty.dataprovidertest.InWarrentLoginAPIJsonDataProviderTest" name="loginApiTest" time="2.449"/>
</testsuite> <!-- com.Inwarrenty.dataprovidertest.InWarrentLoginAPIJsonDataProviderTest -->
