<?xml version="1.0" encoding="UTF-8"?>
<!-- Generated by org.testng.reporters.JUnitReportReporter -->
<testsuite hostname="LOGESH" failures="0" tests="5" name="com.Inwarrenty.dataprovidertest.InwarrentyCreateAPIDataProviderTestWithFaker" time="23.882" errors="0" timestamp="2025-12-31T22:30:11 IST" skipped="0">
  <testcase classname="com.Inwarrenty.dataprovidertest.InwarrentyCreateAPIDataProviderTestWithFaker" name="createJobApi" time="4.777"/>
  <testcase classname="com.Inwarrenty.dataprovidertest.InwarrentyCreateAPIDataProviderTestWithFaker" name="createJobApi" time="4.776"/>
  <testcase classname="com.Inwarrenty.dataprovidertest.InwarrentyCreateAPIDataProviderTestWithFaker" name="createJobApi" time="4.776"/>
  <testcase classname="com.Inwarrenty.dataprovidertest.InwarrentyCreateAPIDataProviderTestWithFaker" name="createJobApi" time="4.776"/>
  <testcase classname="com.Inwarrenty.dataprovidertest.InwarrentyCreateAPIDataProviderTestWithFaker" name="createJobApi" time="4.777"/>
</testsuite> <!-- com.Inwarrenty.dataprovidertest.InwarrentyCreateAPIDataProviderTestWithFaker -->
