<?xml version="1.0" encoding="UTF-8"?>
<!-- Generated by org.testng.reporters.JUnitReportReporter -->
<testsuite hostname="LOGESH" failures="0" tests="2" name="com.Inwarrenty.Test.InWarrentCountAPIRequestForFrontDeskTest" time="2.208" errors="0" timestamp="2026-01-07T22:41:22 IST" skipped="0">
  <testcase classname="com.Inwarrenty.Test.InWarrentCountAPIRequestForFrontDeskTest" name="getCountAPIFrontDesl" time="1.147"/>
  <testcase classname="com.Inwarrenty.Test.InWarrentCountAPIRequestForFrontDeskTest" name="countAPI_missingAuthToken" time="1.061"/>
</testsuite> <!-- com.Inwarrenty.Test.InWarrentCountAPIRequestForFrontDeskTest -->
