<?xml version="1.0" encoding="UTF-8"?>
<!-- Generated by org.testng.reporters.JUnitReportReporter -->
<testsuite hostname="LOGESH" failures="0" tests="2" name="com.Inwarrenty.Test.InWarrentyMasterAPIRequestTest" time="5.335" errors="0" timestamp="2026-01-03T21:22:36 IST" skipped="0">
  <testcase classname="com.Inwarrenty.Test.InWarrentyMasterAPIRequestTest" name="masterAPI_missingAuthToken" time="0.952"/>
  <testcase classname="com.Inwarrenty.Test.InWarrentyMasterAPIRequestTest" name="masterAPI" time="4.383"/>
</testsuite> <!-- com.Inwarrenty.Test.InWarrentyMasterAPIRequestTest -->
