<?xml version="1.0" encoding="UTF-8"?>
<!-- Generated by org.testng.reporters.JUnitReportReporter -->
<testsuite hostname="LOGESH" failures="0" tests="3" name="com.Inwarrenty.dataprovidertest.InWarrentLoginAPIExcellDataProviderTest" time="7.032" errors="0" timestamp="2025-11-29T22:33:04 IST" skipped="0">
  <testcase classname="com.Inwarrenty.dataprovidertest.InWarrentLoginAPIExcellDataProviderTest" name="loginApiTest" time="2.344"/>
  <testcase classname="com.Inwarrenty.dataprovidertest.InWarrentLoginAPIExcellDataProviderTest" name="loginApiTest" time="2.344"/>
  <testcase classname="com.Inwarrenty.dataprovidertest.InWarrentLoginAPIExcellDataProviderTest" name="loginApiTest" time="2.344"/>
</testsuite> <!-- com.Inwarrenty.dataprovidertest.InWarrentLoginAPIExcellDataProviderTest -->
