<?xml version="1.0" encoding="UTF-8"?>
<!-- Generated by org.testng.reporters.JUnitReportReporter -->
<testsuite hostname="LOGESH" failures="0" tests="2" name="com.Inwarrenty.dataprovidertest.InwarrentyCreateAPIExcelDataProviderTestWithPoiji" time="4.959" errors="0" timestamp="2025-11-30T22:52:52 IST" skipped="0">
  <testcase classname="com.Inwarrenty.dataprovidertest.InwarrentyCreateAPIExcelDataProviderTestWithPoiji" name="createJobApi" time="2.480"/>
  <testcase classname="com.Inwarrenty.dataprovidertest.InwarrentyCreateAPIExcelDataProviderTestWithPoiji" name="createJobApi" time="2.479"/>
</testsuite> <!-- com.Inwarrenty.dataprovidertest.InwarrentyCreateAPIExcelDataProviderTestWithPoiji -->
